2025-09-17 13:53:00	error	read config file error	{"errno":-4058,"syscall":"open","code":"ENOENT","path":"./config/activity.json"}
2025-09-17 13:53:17	error	read config file error	{"errno":-4058,"syscall":"open","code":"ENOENT","path":"./config/activity.json"}
2025-09-17 13:54:31	error	read config file error	{"errno":-4058,"syscall":"open","code":"ENOENT","path":"../config/activity.json"}
2025-09-17 14:00:42	error	set cache error	{"CODE_TICKET_MAPPING":"code_{code}_with_ticket","rowInfo":{"ticket_id":"68ca4e872156b269087df682","code":"SOU09PO1234NJ98N","_id":"68ca4e8a2156b269087df683"}}
2025-09-17 14:00:42	error	set cache error	{"CODE_TICKET_MAPPING":"code_{code}_with_ticket","rowInfo":{"ticket_id":"68ca4e872156b269087df682","code":"POIQUNHY985IOJDA","_id":"68ca4e8a2156b269087df684"}}
2025-09-17 14:00:42	error	set cache error	{"CODE_TICKET_MAPPING":"code_{code}_with_ticket","rowInfo":{"ticket_id":"68ca4e872156b269087df682","code":"TRE123MIY09YK123","_id":"68ca4e8a2156b269087df685"}}
2025-09-17 14:00:42	error	set cache error	{"CODE_TICKET_MAPPING":"code_{code}_with_ticket","rowInfo":{"ticket_id":"68ca4e872156b269087df682","code":"MKL12830UINJG23M","_id":"68ca4e8a2156b269087df686"}}
2025-09-17 14:00:42	error	set cache error	{"CODE_TICKET_MAPPING":"code_{code}_with_ticket","rowInfo":{"ticket_id":"68ca4e872156b269087df682","code":"LBVCG28WUH0SJ2UK","_id":"68ca4e8a2156b269087df687"}}
2025-09-17 14:00:42	error	set cache error	{"CODE_TICKET_MAPPING":"code_{code}_with_ticket","rowInfo":{"ticket_id":"68ca4e872156b269087df682","code":"CCAP13847SJNDGECD","_id":"68ca4e8a2156b269087df688"}}
2025-09-17 14:00:42	error	set cache error	{"CODE_TICKET_MAPPING":"code_{code}_with_ticket","rowInfo":{"ticket_id":"68ca4e872156b269087df682","code":"YTE82B62K82P03K34","_id":"68ca4e8a2156b269087df689"}}
2025-09-17 14:00:42	error	cache act info 68ca4e872156b269087df682 list error	{"_id":"68ca4e872156b269087df682","name":"哥斯拉 2 ","desc":"请遵守现场安排","days":10,"act_id":"68ca4e872156b269087df681","start_time":1758088839,"end_time":1758952839}
2025-09-17 14:00:42	error	set cache ticketInfo error	{"rowInfo":{"ticket_id":"68ca4e872156b269087df682","code":"SOU09PO1234NJ98N","_id":"68ca4e8a2156b269087df683"}}
2025-09-17 14:00:42	error	cache act info 68ca4e872156b269087df682 list error	{"_id":"68ca4e872156b269087df682","name":"哥斯拉 2 ","desc":"请遵守现场安排","days":10,"act_id":"68ca4e872156b269087df681","start_time":1758088839,"end_time":1758952839}
2025-09-17 14:00:42	error	set cache ticketInfo error	{"rowInfo":{"ticket_id":"68ca4e872156b269087df682","code":"POIQUNHY985IOJDA","_id":"68ca4e8a2156b269087df684"}}
2025-09-17 14:00:43	error	cache act info 68ca4e872156b269087df682 list error	{"_id":"68ca4e872156b269087df682","name":"哥斯拉 2 ","desc":"请遵守现场安排","days":10,"act_id":"68ca4e872156b269087df681","start_time":1758088839,"end_time":1758952839}
2025-09-17 14:00:43	error	set cache ticketInfo error	{"rowInfo":{"ticket_id":"68ca4e872156b269087df682","code":"TRE123MIY09YK123","_id":"68ca4e8a2156b269087df685"}}
2025-09-17 14:00:43	error	cache act info 68ca4e872156b269087df682 list error	{"_id":"68ca4e872156b269087df682","name":"哥斯拉 2 ","desc":"请遵守现场安排","days":10,"act_id":"68ca4e872156b269087df681","start_time":1758088839,"end_time":1758952839}
2025-09-17 14:00:43	error	set cache ticketInfo error	{"rowInfo":{"ticket_id":"68ca4e872156b269087df682","code":"MKL12830UINJG23M","_id":"68ca4e8a2156b269087df686"}}
2025-09-17 14:00:43	error	cache act info 68ca4e872156b269087df682 list error	{"_id":"68ca4e872156b269087df682","name":"哥斯拉 2 ","desc":"请遵守现场安排","days":10,"act_id":"68ca4e872156b269087df681","start_time":1758088839,"end_time":1758952839}
2025-09-17 14:00:43	error	set cache ticketInfo error	{"rowInfo":{"ticket_id":"68ca4e872156b269087df682","code":"LBVCG28WUH0SJ2UK","_id":"68ca4e8a2156b269087df687"}}
2025-09-17 14:00:43	error	cache act info 68ca4e872156b269087df682 list error	{"_id":"68ca4e872156b269087df682","name":"哥斯拉 2 ","desc":"请遵守现场安排","days":10,"act_id":"68ca4e872156b269087df681","start_time":1758088839,"end_time":1758952839}
2025-09-17 14:00:43	error	set cache ticketInfo error	{"rowInfo":{"ticket_id":"68ca4e872156b269087df682","code":"CCAP13847SJNDGECD","_id":"68ca4e8a2156b269087df688"}}
2025-09-17 14:00:43	error	cache act info 68ca4e872156b269087df682 list error	{"_id":"68ca4e872156b269087df682","name":"哥斯拉 2 ","desc":"请遵守现场安排","days":10,"act_id":"68ca4e872156b269087df681","start_time":1758088839,"end_time":1758952839}
2025-09-17 14:00:43	error	set cache ticketInfo error	{"rowInfo":{"ticket_id":"68ca4e872156b269087df682","code":"YTE82B62K82P03K34","_id":"68ca4e8a2156b269087df689"}}
2025-09-17 14:00:45	error	set cache error	{"CODE_TICKET_MAPPING":"code_{code}_with_ticket","rowInfo":{"ticket_id":"68ca4e8b2156b269087df68b","code":"SOU09PO1234NJ98N","_id":"68ca4e8d2156b269087df68c"}}
2025-09-17 14:00:45	error	set cache error	{"CODE_TICKET_MAPPING":"code_{code}_with_ticket","rowInfo":{"ticket_id":"68ca4e8b2156b269087df68b","code":"POIQUNHY985IOJDA","_id":"68ca4e8d2156b269087df68d"}}
2025-09-17 14:00:45	error	set cache error	{"CODE_TICKET_MAPPING":"code_{code}_with_ticket","rowInfo":{"ticket_id":"68ca4e8b2156b269087df68b","code":"TRE123MIY09YK123","_id":"68ca4e8d2156b269087df68e"}}
2025-09-17 14:00:45	error	set cache error	{"CODE_TICKET_MAPPING":"code_{code}_with_ticket","rowInfo":{"ticket_id":"68ca4e8b2156b269087df68b","code":"MKL12830UINJG23M","_id":"68ca4e8d2156b269087df68f"}}
2025-09-17 14:00:45	error	set cache error	{"CODE_TICKET_MAPPING":"code_{code}_with_ticket","rowInfo":{"ticket_id":"68ca4e8b2156b269087df68b","code":"LBVCG28WUH0SJ2UK","_id":"68ca4e8d2156b269087df690"}}
2025-09-17 14:00:45	error	set cache error	{"CODE_TICKET_MAPPING":"code_{code}_with_ticket","rowInfo":{"ticket_id":"68ca4e8b2156b269087df68b","code":"CCAP13847SJNDGECD","_id":"68ca4e8d2156b269087df691"}}
2025-09-17 14:00:45	error	set cache error	{"CODE_TICKET_MAPPING":"code_{code}_with_ticket","rowInfo":{"ticket_id":"68ca4e8b2156b269087df68b","code":"YTE82B62K82P03K34","_id":"68ca4e8d2156b269087df692"}}
2025-09-17 14:00:45	error	cache act info 68ca4e8b2156b269087df68b list error	{"_id":"68ca4e8b2156b269087df68b","name":"大梅沙豪华酒店+大梅沙豪华早午晚餐","desc":"包括酒店、早餐、午餐和晚餐券","days":10,"act_id":"68ca4e8a2156b269087df68a","start_time":1758088843,"end_time":1758952843}
2025-09-17 14:00:45	error	set cache ticketInfo error	{"rowInfo":{"ticket_id":"68ca4e8b2156b269087df68b","code":"POIQUNHY985IOJDA","_id":"68ca4e8d2156b269087df68d"}}
2025-09-17 14:00:45	error	cache act info 68ca4e8b2156b269087df68b list error	{"_id":"68ca4e8b2156b269087df68b","name":"大梅沙豪华酒店+大梅沙豪华早午晚餐","desc":"包括酒店、早餐、午餐和晚餐券","days":10,"act_id":"68ca4e8a2156b269087df68a","start_time":1758088843,"end_time":1758952843}
2025-09-17 14:00:45	error	set cache ticketInfo error	{"rowInfo":{"ticket_id":"68ca4e8b2156b269087df68b","code":"TRE123MIY09YK123","_id":"68ca4e8d2156b269087df68e"}}
2025-09-17 14:00:45	error	cache act info 68ca4e8b2156b269087df68b list error	{"_id":"68ca4e8b2156b269087df68b","name":"大梅沙豪华酒店+大梅沙豪华早午晚餐","desc":"包括酒店、早餐、午餐和晚餐券","days":10,"act_id":"68ca4e8a2156b269087df68a","start_time":1758088843,"end_time":1758952843}
2025-09-17 14:00:45	error	set cache ticketInfo error	{"rowInfo":{"ticket_id":"68ca4e8b2156b269087df68b","code":"MKL12830UINJG23M","_id":"68ca4e8d2156b269087df68f"}}
2025-09-17 14:00:45	error	cache act info 68ca4e8b2156b269087df68b list error	{"_id":"68ca4e8b2156b269087df68b","name":"大梅沙豪华酒店+大梅沙豪华早午晚餐","desc":"包括酒店、早餐、午餐和晚餐券","days":10,"act_id":"68ca4e8a2156b269087df68a","start_time":1758088843,"end_time":1758952843}
2025-09-17 14:00:45	error	set cache ticketInfo error	{"rowInfo":{"ticket_id":"68ca4e8b2156b269087df68b","code":"SOU09PO1234NJ98N","_id":"68ca4e8d2156b269087df68c"}}
2025-09-17 14:00:45	error	cache act info 68ca4e8b2156b269087df68b list error	{"_id":"68ca4e8b2156b269087df68b","name":"大梅沙豪华酒店+大梅沙豪华早午晚餐","desc":"包括酒店、早餐、午餐和晚餐券","days":10,"act_id":"68ca4e8a2156b269087df68a","start_time":1758088843,"end_time":1758952843}
2025-09-17 14:00:45	error	set cache ticketInfo error	{"rowInfo":{"ticket_id":"68ca4e8b2156b269087df68b","code":"LBVCG28WUH0SJ2UK","_id":"68ca4e8d2156b269087df690"}}
2025-09-17 14:00:45	error	cache act info 68ca4e8b2156b269087df68b list error	{"_id":"68ca4e8b2156b269087df68b","name":"大梅沙豪华酒店+大梅沙豪华早午晚餐","desc":"包括酒店、早餐、午餐和晚餐券","days":10,"act_id":"68ca4e8a2156b269087df68a","start_time":1758088843,"end_time":1758952843}
2025-09-17 14:00:45	error	set cache ticketInfo error	{"rowInfo":{"ticket_id":"68ca4e8b2156b269087df68b","code":"CCAP13847SJNDGECD","_id":"68ca4e8d2156b269087df691"}}
2025-09-17 14:00:45	error	cache act info 68ca4e8b2156b269087df68b list error	{"_id":"68ca4e8b2156b269087df68b","name":"大梅沙豪华酒店+大梅沙豪华早午晚餐","desc":"包括酒店、早餐、午餐和晚餐券","days":10,"act_id":"68ca4e8a2156b269087df68a","start_time":1758088843,"end_time":1758952843}
2025-09-17 14:00:45	error	set cache ticketInfo error	{"rowInfo":{"ticket_id":"68ca4e8b2156b269087df68b","code":"YTE82B62K82P03K34","_id":"68ca4e8d2156b269087df692"}}
2025-09-17 14:00:50	error	set cache error	{"CODE_TICKET_MAPPING":"code_{code}_with_ticket","rowInfo":{"ticket_id":"68ca4e8d2156b269087df694","code":"SOI09PO1234NJ98N","_id":"68ca4e922156b269087df695"}}
2025-09-17 14:00:50	error	set cache error	{"CODE_TICKET_MAPPING":"code_{code}_with_ticket","rowInfo":{"ticket_id":"68ca4e8d2156b269087df694","code":"POPQUNHY985IOJDA","_id":"68ca4e922156b269087df696"}}
2025-09-17 14:00:50	error	set cache error	{"CODE_TICKET_MAPPING":"code_{code}_with_ticket","rowInfo":{"ticket_id":"68ca4e8d2156b269087df694","code":"TRC123MIY09YK123","_id":"68ca4e922156b269087df697"}}
2025-09-17 14:00:50	error	set cache error	{"CODE_TICKET_MAPPING":"code_{code}_with_ticket","rowInfo":{"ticket_id":"68ca4e8d2156b269087df694","code":"MKW12830UINJG23M","_id":"68ca4e922156b269087df698"}}
2025-09-17 14:00:50	error	set cache error	{"CODE_TICKET_MAPPING":"code_{code}_with_ticket","rowInfo":{"ticket_id":"68ca4e8d2156b269087df694","code":"LBACG28WUH0SJ2UK","_id":"68ca4e922156b269087df699"}}
2025-09-17 14:00:50	error	set cache error	{"CODE_TICKET_MAPPING":"code_{code}_with_ticket","rowInfo":{"ticket_id":"68ca4e8d2156b269087df694","code":"CCAC13847SJNDGECD","_id":"68ca4e922156b269087df69a"}}
2025-09-17 14:00:50	error	set cache error	{"CODE_TICKET_MAPPING":"code_{code}_with_ticket","rowInfo":{"ticket_id":"68ca4e8d2156b269087df694","code":"YTE32B62K82P03K34","_id":"68ca4e922156b269087df69b"}}
2025-09-17 14:00:50	error	set cache error	{"CODE_TICKET_MAPPING":"code_{code}_with_ticket","rowInfo":{"ticket_id":"68ca4e8d2156b269087df694","code":"DASDOEU2994JDSADP","_id":"68ca4e922156b269087df69c"}}
2025-09-17 14:00:50	error	set cache error	{"CODE_TICKET_MAPPING":"code_{code}_with_ticket","rowInfo":{"ticket_id":"68ca4e8d2156b269087df694","code":"DOEWIOHREBFSAKDNAS","_id":"68ca4e922156b269087df69d"}}
2025-09-17 14:00:50	error	set cache error	{"CODE_TICKET_MAPPING":"code_{code}_with_ticket","rowInfo":{"ticket_id":"68ca4e8d2156b269087df694","code":"PDWEOJEEWJWKEFFEWJ1","_id":"68ca4e922156b269087df69e"}}
2025-09-17 14:00:50	error	set cache error	{"CODE_TICKET_MAPPING":"code_{code}_with_ticket","rowInfo":{"ticket_id":"68ca4e8d2156b269087df694","code":"OWEPKEJORENGR235IJF","_id":"68ca4e922156b269087df69f"}}
2025-09-17 14:00:50	error	set cache error	{"CODE_TICKET_MAPPING":"code_{code}_with_ticket","rowInfo":{"ticket_id":"68ca4e8d2156b269087df694","code":"PEKWNDBEF03JNNSDKJE","_id":"68ca4e922156b269087df6a0"}}
2025-09-17 14:00:50	error	set cache error	{"CODE_TICKET_MAPPING":"code_{code}_with_ticket","rowInfo":{"ticket_id":"68ca4e8d2156b269087df694","code":"DEOJFEKNFHRENFDSFS2","_id":"68ca4e922156b269087df6a1"}}
2025-09-17 14:00:50	error	set cache error	{"CODE_TICKET_MAPPING":"code_{code}_with_ticket","rowInfo":{"ticket_id":"68ca4e8d2156b269087df694","code":"SDKIJFJEPPFKRE355","_id":"68ca4e922156b269087df6a2"}}
2025-09-17 14:00:50	error	set cache error	{"CODE_TICKET_MAPPING":"code_{code}_with_ticket","rowInfo":{"ticket_id":"68ca4e8d2156b269087df694","code":"PKDWOOEJWFNDSNNDS","_id":"68ca4e922156b269087df6a3"}}
2025-09-17 14:00:50	error	set cache error	{"CODE_TICKET_MAPPING":"code_{code}_with_ticket","rowInfo":{"ticket_id":"68ca4e8d2156b269087df694","code":"EOIRHNFKNFIWJEIFJEW","_id":"68ca4e922156b269087df6a4"}}
2025-09-17 14:00:50	error	set cache error	{"CODE_TICKET_MAPPING":"code_{code}_with_ticket","rowInfo":{"ticket_id":"68ca4e8d2156b269087df694","code":"OWEIOJRENF394858DS","_id":"68ca4e922156b269087df6a5"}}
2025-09-17 14:00:50	error	set cache error	{"CODE_TICKET_MAPPING":"code_{code}_with_ticket","rowInfo":{"ticket_id":"68ca4e8d2156b269087df694","code":"DOEWKREFONDFJSID3","_id":"68ca4e922156b269087df6a6"}}
2025-09-17 14:00:50	error	set cache error	{"CODE_TICKET_MAPPING":"code_{code}_with_ticket","rowInfo":{"ticket_id":"68ca4e8d2156b269087df694","code":"PWNDUEFN35FMK5QMKDS","_id":"68ca4e922156b269087df6a7"}}
2025-09-17 14:00:50	error	cache act info 68ca4e8d2156b269087df694 list error	{"_id":"68ca4e8d2156b269087df694","name":"压测活动券","desc":"压测活动券","days":10,"act_id":"68ca4e8d2156b269087df693","start_time":1758088845,"end_time":1758952845}
2025-09-17 14:00:50	error	set cache ticketInfo error	{"rowInfo":{"ticket_id":"68ca4e8d2156b269087df694","code":"MKW12830UINJG23M","_id":"68ca4e922156b269087df698"}}
2025-09-17 14:00:50	error	cache act info 68ca4e8d2156b269087df694 list error	{"_id":"68ca4e8d2156b269087df694","name":"压测活动券","desc":"压测活动券","days":10,"act_id":"68ca4e8d2156b269087df693","start_time":1758088845,"end_time":1758952845}
2025-09-17 14:00:50	error	set cache ticketInfo error	{"rowInfo":{"ticket_id":"68ca4e8d2156b269087df694","code":"LBACG28WUH0SJ2UK","_id":"68ca4e922156b269087df699"}}
2025-09-17 14:00:50	error	cache act info 68ca4e8d2156b269087df694 list error	{"_id":"68ca4e8d2156b269087df694","name":"压测活动券","desc":"压测活动券","days":10,"act_id":"68ca4e8d2156b269087df693","start_time":1758088845,"end_time":1758952845}
2025-09-17 14:00:50	error	set cache ticketInfo error	{"rowInfo":{"ticket_id":"68ca4e8d2156b269087df694","code":"CCAC13847SJNDGECD","_id":"68ca4e922156b269087df69a"}}
2025-09-17 14:00:50	error	cache act info 68ca4e8d2156b269087df694 list error	{"_id":"68ca4e8d2156b269087df694","name":"压测活动券","desc":"压测活动券","days":10,"act_id":"68ca4e8d2156b269087df693","start_time":1758088845,"end_time":1758952845}
2025-09-17 14:00:50	error	set cache ticketInfo error	{"rowInfo":{"ticket_id":"68ca4e8d2156b269087df694","code":"YTE32B62K82P03K34","_id":"68ca4e922156b269087df69b"}}
2025-09-17 14:00:50	error	cache act info 68ca4e8d2156b269087df694 list error	{"_id":"68ca4e8d2156b269087df694","name":"压测活动券","desc":"压测活动券","days":10,"act_id":"68ca4e8d2156b269087df693","start_time":1758088845,"end_time":1758952845}
2025-09-17 14:00:50	error	set cache ticketInfo error	{"rowInfo":{"ticket_id":"68ca4e8d2156b269087df694","code":"DASDOEU2994JDSADP","_id":"68ca4e922156b269087df69c"}}
2025-09-17 14:00:51	error	cache act info 68ca4e872156b269087df681 list error	{"_id":"68ca4e872156b269087df681","aid":"1001","name":"电影票免费观看活动","desc":"本周日，免费观看电影活动，自行前往可以携带家属","start_time":1758088839,"end_time":1758520839}
2025-09-17 14:00:51	error	cache act info 68ca4e8a2156b269087df68a list error	{"_id":"68ca4e8a2156b269087df68a","aid":"1002","name":"大梅沙2日游","desc":"可选择随意时间，前往大梅沙2日游，1晚五星级酒店","start_time":1758088842,"end_time":1758520842}
2025-09-17 14:00:51	error	cache act info 68ca4e8d2156b269087df693 list error	{"_id":"68ca4e8d2156b269087df693","aid":"1003","name":"压测使用活动","desc":"压测使用活动","start_time":1758088845,"end_time":1758520845}
2025-09-17 14:00:51	error	cache act info 68ca4e8d2156b269087df694 list error	{"_id":"68ca4e8d2156b269087df694","name":"压测活动券","desc":"压测活动券","days":10,"act_id":"68ca4e8d2156b269087df693","start_time":1758088845,"end_time":1758952845}
2025-09-17 14:00:51	error	set cache ticketInfo error	{"rowInfo":{"ticket_id":"68ca4e8d2156b269087df694","code":"SOI09PO1234NJ98N","_id":"68ca4e922156b269087df695"}}
2025-09-17 14:00:51	error	cache act info 68ca4e8d2156b269087df694 list error	{"_id":"68ca4e8d2156b269087df694","name":"压测活动券","desc":"压测活动券","days":10,"act_id":"68ca4e8d2156b269087df693","start_time":1758088845,"end_time":1758952845}
2025-09-17 14:00:51	error	set cache ticketInfo error	{"rowInfo":{"ticket_id":"68ca4e8d2156b269087df694","code":"TRC123MIY09YK123","_id":"68ca4e922156b269087df697"}}
2025-09-17 14:00:51	error	cache act info 68ca4e8d2156b269087df694 list error	{"_id":"68ca4e8d2156b269087df694","name":"压测活动券","desc":"压测活动券","days":10,"act_id":"68ca4e8d2156b269087df693","start_time":1758088845,"end_time":1758952845}
2025-09-17 14:00:51	error	set cache ticketInfo error	{"rowInfo":{"ticket_id":"68ca4e8d2156b269087df694","code":"POPQUNHY985IOJDA","_id":"68ca4e922156b269087df696"}}
2025-09-17 14:00:51	error	cache act info 68ca4e8d2156b269087df694 list error	{"_id":"68ca4e8d2156b269087df694","name":"压测活动券","desc":"压测活动券","days":10,"act_id":"68ca4e8d2156b269087df693","start_time":1758088845,"end_time":1758952845}
2025-09-17 14:00:51	error	set cache ticketInfo error	{"rowInfo":{"ticket_id":"68ca4e8d2156b269087df694","code":"DOEWIOHREBFSAKDNAS","_id":"68ca4e922156b269087df69d"}}
2025-09-17 14:00:51	error	cache act info 68ca4e8d2156b269087df694 list error	{"_id":"68ca4e8d2156b269087df694","name":"压测活动券","desc":"压测活动券","days":10,"act_id":"68ca4e8d2156b269087df693","start_time":1758088845,"end_time":1758952845}
2025-09-17 14:00:51	error	set cache ticketInfo error	{"rowInfo":{"ticket_id":"68ca4e8d2156b269087df694","code":"OWEPKEJORENGR235IJF","_id":"68ca4e922156b269087df69f"}}
2025-09-17 14:00:51	error	cache act info 68ca4e8d2156b269087df694 list error	{"_id":"68ca4e8d2156b269087df694","name":"压测活动券","desc":"压测活动券","days":10,"act_id":"68ca4e8d2156b269087df693","start_time":1758088845,"end_time":1758952845}
2025-09-17 14:00:51	error	set cache ticketInfo error	{"rowInfo":{"ticket_id":"68ca4e8d2156b269087df694","code":"PDWEOJEEWJWKEFFEWJ1","_id":"68ca4e922156b269087df69e"}}
2025-09-17 14:00:51	error	cache act info 68ca4e8d2156b269087df694 list error	{"_id":"68ca4e8d2156b269087df694","name":"压测活动券","desc":"压测活动券","days":10,"act_id":"68ca4e8d2156b269087df693","start_time":1758088845,"end_time":1758952845}
2025-09-17 14:00:51	error	set cache ticketInfo error	{"rowInfo":{"ticket_id":"68ca4e8d2156b269087df694","code":"PEKWNDBEF03JNNSDKJE","_id":"68ca4e922156b269087df6a0"}}
2025-09-17 14:00:51	error	cache act info 68ca4e8d2156b269087df694 list error	{"_id":"68ca4e8d2156b269087df694","name":"压测活动券","desc":"压测活动券","days":10,"act_id":"68ca4e8d2156b269087df693","start_time":1758088845,"end_time":1758952845}
2025-09-17 14:00:51	error	set cache ticketInfo error	{"rowInfo":{"ticket_id":"68ca4e8d2156b269087df694","code":"DEOJFEKNFHRENFDSFS2","_id":"68ca4e922156b269087df6a1"}}
2025-09-17 14:00:51	error	cache act info 68ca4e8d2156b269087df694 list error	{"_id":"68ca4e8d2156b269087df694","name":"压测活动券","desc":"压测活动券","days":10,"act_id":"68ca4e8d2156b269087df693","start_time":1758088845,"end_time":1758952845}
2025-09-17 14:00:51	error	set cache ticketInfo error	{"rowInfo":{"ticket_id":"68ca4e8d2156b269087df694","code":"SDKIJFJEPPFKRE355","_id":"68ca4e922156b269087df6a2"}}
2025-09-17 14:00:51	error	cache act info 68ca4e8d2156b269087df694 list error	{"_id":"68ca4e8d2156b269087df694","name":"压测活动券","desc":"压测活动券","days":10,"act_id":"68ca4e8d2156b269087df693","start_time":1758088845,"end_time":1758952845}
2025-09-17 14:00:51	error	set cache ticketInfo error	{"rowInfo":{"ticket_id":"68ca4e8d2156b269087df694","code":"PKDWOOEJWFNDSNNDS","_id":"68ca4e922156b269087df6a3"}}
2025-09-17 14:00:51	error	cache act info 68ca4e8d2156b269087df694 list error	{"_id":"68ca4e8d2156b269087df694","name":"压测活动券","desc":"压测活动券","days":10,"act_id":"68ca4e8d2156b269087df693","start_time":1758088845,"end_time":1758952845}
2025-09-17 14:00:51	error	set cache ticketInfo error	{"rowInfo":{"ticket_id":"68ca4e8d2156b269087df694","code":"EOIRHNFKNFIWJEIFJEW","_id":"68ca4e922156b269087df6a4"}}
2025-09-17 14:00:51	error	cache act info 68ca4e8d2156b269087df694 list error	{"_id":"68ca4e8d2156b269087df694","name":"压测活动券","desc":"压测活动券","days":10,"act_id":"68ca4e8d2156b269087df693","start_time":1758088845,"end_time":1758952845}
2025-09-17 14:00:51	error	set cache ticketInfo error	{"rowInfo":{"ticket_id":"68ca4e8d2156b269087df694","code":"OWEIOJRENF394858DS","_id":"68ca4e922156b269087df6a5"}}
2025-09-17 14:00:51	error	cache act info 68ca4e8d2156b269087df694 list error	{"_id":"68ca4e8d2156b269087df694","name":"压测活动券","desc":"压测活动券","days":10,"act_id":"68ca4e8d2156b269087df693","start_time":1758088845,"end_time":1758952845}
2025-09-17 14:00:51	error	set cache ticketInfo error	{"rowInfo":{"ticket_id":"68ca4e8d2156b269087df694","code":"DOEWKREFONDFJSID3","_id":"68ca4e922156b269087df6a6"}}
2025-09-17 14:00:51	error	cache act info 68ca4e8d2156b269087df694 list error	{"_id":"68ca4e8d2156b269087df694","name":"压测活动券","desc":"压测活动券","days":10,"act_id":"68ca4e8d2156b269087df693","start_time":1758088845,"end_time":1758952845}
2025-09-17 14:00:51	error	set cache ticketInfo error	{"rowInfo":{"ticket_id":"68ca4e8d2156b269087df694","code":"PWNDUEFN35FMK5QMKDS","_id":"68ca4e922156b269087df6a7"}}
